0 info it worked if it ends with ok
1 verbose cli [ 'C:\\Program Files (x86)\\nodejs\\node.exe',
1 verbose cli   'C:\\Users\\jwoo\\AppData\\Roaming\\npm\\node_modules\\npm\\bin\\npm-cli.js',
1 verbose cli   'start' ]
2 info using npm@3.5.2
3 info using node@v4.2.3
4 verbose run-script [ 'prestart', 'start', 'poststart' ]
5 info lifecycle reactreduxmaterialuifromscratch@1.0.0~prestart: reactreduxmaterialuifromscratch@1.0.0
6 silly lifecycle reactreduxmaterialuifromscratch@1.0.0~prestart: no script for prestart, continuing
7 info lifecycle reactreduxmaterialuifromscratch@1.0.0~start: reactreduxmaterialuifromscratch@1.0.0
8 verbose lifecycle reactreduxmaterialuifromscratch@1.0.0~start: unsafe-perm in lifecycle true
9 verbose lifecycle reactreduxmaterialuifromscratch@1.0.0~start: PATH: C:\Users\jwoo\AppData\Roaming\npm\node_modules\npm\bin\node-gyp-bin;c:\projects\ReactReduxMaterialUIFromScratch\node_modules\.bin;C:\Program Files\Haskell\bin;C:\Program Files\Haskell Platform\7.10.3\lib\extralibs\bin;C:\Program Files\Haskell Platform\7.10.3\bin;C:\ProgramData\Oracle\Java\javapath;C:\Windows\system32;C:\Windows;C:\Windows\System32\Wbem;C:\Windows\System32\WindowsPowerShell\v1.0\;C:\Program Files (x86)\ATI Technologies\ATI.ACE\Core-Static;C:\Program Files\Microsoft\Web Platform Installer\;C:\Program Files (x86)\Microsoft ASP.NET\ASP.NET Web Pages\v1.0\;C:\Program Files\Microsoft SQL Server\110\Tools\Binn\;C:\Program Files (x86)\Microsoft SQL Server\110\Tools\Binn\ManagementStudio\;C:\Program Files (x86)\Microsoft SQL Server\110\Tools\Binn\;C:\Program Files (x86)\Microsoft SQL Server\110\DTS\Binn\;C:\Program Files\Dell\Dell Data Protection\Access\Advanced\Wave\Gemalto\Access Client\v5\;C:\Program Files (x86)\Security Innovation\SI TSS\bin\;C:\Program Files (x86)\Windows Kits\8.1\Windows Performance Toolkit\;C:\chromedriver;C:\ProgramData\chocolatey\bin;C:\Program Files (x86)\Microsoft SDKs\TypeScript\1.0\;C:\Program Files\Microsoft SQL Server\120\Tools\Binn\;C:\Program Files (x86)\Java\jdk1.7.0_40\bin;C:\Users\jwoo\AppData\Local\Android\android-sdk\tools;C:\Users\jwoo\AppData\Local\Android\android-sdk\platform-tools;C:\apache-ant-1.9.3\bin;C:\Program Files (x86)\Git\cmd;C:\Program Files (x86)\Microsoft Team Foundation Server 2013 Power Tools\;C:\Program Files (x86)\Microsoft Team Foundation Server 2013 Power Tools\Best Practices Analyzer\;%USERPROFILE%\.dnx\bin;C:\Program Files\Microsoft DNX\Dnvm\;C:\Program Files (x86)\nodejs\;C:\Program Files (x86)\Skype\Phone\;C:\Program Files\Haskell Platform\7.10.3\mingw\bin;C:\Leksah\bin\;C:\Users\jwoo\AppData\Roaming\cabal\bin;C:\Users\jwoo\.dnx\runtimes\dnx-clr-win-x86.1.0.0-rc1-final\bin;C:\Users\jwoo\.dnx\bin;C:\Users\jwoo\AppData\Roaming\npm;C:\Python27;C:\Program Files (x86)\Microsoft VS Code\bin
10 verbose lifecycle reactreduxmaterialuifromscratch@1.0.0~start: CWD: c:\projects\ReactReduxMaterialUIFromScratch
11 silly lifecycle reactreduxmaterialuifromscratch@1.0.0~start: Args: [ '/d /s /c',
11 silly lifecycle   'webpack-dev-server --config webpack-dev-server.config.js --progress --inline --colors' ]
12 silly lifecycle reactreduxmaterialuifromscratch@1.0.0~start: Returned: code: 1  signal: null
13 info lifecycle reactreduxmaterialuifromscratch@1.0.0~start: Failed to exec start script
14 verbose stack Error: reactreduxmaterialuifromscratch@1.0.0 start: `webpack-dev-server --config webpack-dev-server.config.js --progress --inline --colors`
14 verbose stack Exit status 1
14 verbose stack     at EventEmitter.<anonymous> (C:\Users\jwoo\AppData\Roaming\npm\node_modules\npm\lib\utils\lifecycle.js:232:16)
14 verbose stack     at emitTwo (events.js:87:13)
14 verbose stack     at EventEmitter.emit (events.js:172:7)
14 verbose stack     at ChildProcess.<anonymous> (C:\Users\jwoo\AppData\Roaming\npm\node_modules\npm\lib\utils\spawn.js:24:14)
14 verbose stack     at emitTwo (events.js:87:13)
14 verbose stack     at ChildProcess.emit (events.js:172:7)
14 verbose stack     at maybeClose (internal/child_process.js:818:16)
14 verbose stack     at Process.ChildProcess._handle.onexit (internal/child_process.js:211:5)
15 verbose pkgid reactreduxmaterialuifromscratch@1.0.0
16 verbose cwd c:\projects\ReactReduxMaterialUIFromScratch
17 error Windows_NT 6.3.9600
18 error argv "C:\\Program Files (x86)\\nodejs\\node.exe" "C:\\Users\\jwoo\\AppData\\Roaming\\npm\\node_modules\\npm\\bin\\npm-cli.js" "start"
19 error node v4.2.3
20 error npm  v3.5.2
21 error code ELIFECYCLE
22 error reactreduxmaterialuifromscratch@1.0.0 start: `webpack-dev-server --config webpack-dev-server.config.js --progress --inline --colors`
22 error Exit status 1
23 error Failed at the reactreduxmaterialuifromscratch@1.0.0 start script 'webpack-dev-server --config webpack-dev-server.config.js --progress --inline --colors'.
23 error Make sure you have the latest version of node.js and npm installed.
23 error If you do, this is most likely a problem with the reactreduxmaterialuifromscratch package,
23 error not with npm itself.
23 error Tell the author that this fails on your system:
23 error     webpack-dev-server --config webpack-dev-server.config.js --progress --inline --colors
23 error You can get information on how to open an issue for this project with:
23 error     npm bugs reactreduxmaterialuifromscratch
23 error Or if that isn't available, you can get their info via:
23 error     npm owner ls reactreduxmaterialuifromscratch
23 error There is likely additional logging output above.
24 verbose exit [ 1, true ]
